{"name": "test_idrive", "status": "failed", "statusDetails": {"message": "AssertionError: assert 'https://www....H3HCmvGtWtiEp' == 'https://www....gradenow=true'\n  \n  - https://www.idrive360.com/enterprise/account?upgradenow=true\n  + https://www.idrive360.com/enterprise/two-fa?token=KwBnE0oMETP2nTvUp6jXt3K0Kp4BUPQ3xGLvwH3HCmvGtWtiEp", "trace": "def test_idrive():\n        driver = webdriver.Chrome()\n        driver.get(\"https://www.idrive360.com/enterprise/login\")\n        driver.maximize_window()\n        time.sleep(10)\n        driver.find_element(By.ID, \"username\").send_keys(\"augtest_040823@idrive.com\")\n        time.sleep(10)\n    \n        driver.find_element(By.XPATH, \"//input[@name='password']\").send_keys(\"123456\")\n    \n        time.sleep(20)\n    \n        driver.find_element(By.ID, \"frm-btn\").click()\n    \n        time.sleep(10)\n    \n>       assert driver.current_url == \"https://www.idrive360.com/enterprise/account?upgradenow=true\"\nE       AssertionError: assert 'https://www....H3HCmvGtWtiEp' == 'https://www....gradenow=true'\nE         \nE         - https://www.idrive360.com/enterprise/account?upgradenow=true\nE         + https://www.idrive360.com/enterprise/two-fa?token=KwBnE0oMETP2nTvUp6jXt3K0Kp4BUPQ3xGLvwH3HCmvGtWtiEp\n\nsrc\\19april2024\\test_lab20homework.py:24: AssertionError"}, "start": 1713952413487, "stop": 1713952480219, "uuid": "19175409-9695-471c-9515-b7e5f691d32c", "historyId": "f66c6de3705067b68f4b7549713a5c64", "testCaseId": "f66c6de3705067b68f4b7549713a5c64", "fullName": "src.19april2024.test_lab20homework#test_idrive", "labels": [{"name": "parentSuite", "value": "src.19april2024"}, {"name": "suite", "value": "test_lab20homework"}, {"name": "host", "value": "DESKTOP-K766CG4"}, {"name": "thread", "value": "10280-MainThread"}, {"name": "framework", "value": "pytest"}, {"name": "language", "value": "cpython3"}, {"name": "package", "value": "src.19april2024.test_lab20homework"}]}